<?xml version="1.0" encoding="UTF-8"?>
<testng-results skipped="0" failed="0" ignored="0" total="1" passed="1">
  <reporter-output>
  </reporter-output>
  <suite name="basic selenide tests" duration-ms="9259" started-at="2019-11-27T12:28:07 EET" finished-at="2019-11-27T12:28:16 EET">
    <groups>
    </groups>
    <test name="First test" duration-ms="9259" started-at="2019-11-27T12:28:07 EET" finished-at="2019-11-27T12:28:16 EET">
      <class name="TestClass1">
        <test-method status="PASS" signature="setUp()[pri:0, instance:TestClass1@6f3d283c]" name="setUp" is-config="true" duration-ms="140" started-at="2019-11-27T12:28:07 EET" finished-at="2019-11-27T12:28:07 EET">
          <reporter-output>
          </reporter-output>
        </test-method> <!-- setUp -->
        <test-method status="PASS" signature="beforeTest()[pri:0, instance:TestClass1@6f3d283c]" name="beforeTest" is-config="true" duration-ms="0" started-at="2019-11-27T12:28:07 EET" finished-at="2019-11-27T12:28:07 EET">
          <reporter-output>
          </reporter-output>
        </test-method> <!-- beforeTest -->
        <test-method status="PASS" signature="Test1()[pri:0, instance:TestClass1@6f3d283c]" name="Test1" duration-ms="9231" started-at="2019-11-27T12:28:07 EET" finished-at="2019-11-27T12:28:16 EET">
          <reporter-output>
          </reporter-output>
        </test-method> <!-- Test1 -->
        <test-method status="PASS" signature="tearDown()[pri:0, instance:TestClass1@6f3d283c]" name="tearDown" is-config="true" duration-ms="1" started-at="2019-11-27T12:28:16 EET" finished-at="2019-11-27T12:28:16 EET">
          <reporter-output>
          </reporter-output>
        </test-method> <!-- tearDown -->
      </class> <!-- TestClass1 -->
    </test> <!-- First test -->
  </suite> <!-- basic selenide tests -->
</testng-results>
